C51 COMPILER V9.60.0.0   BUZZ                                                              05/18/2022 10:07:52 PAGE 1   


C51 COMPILER V9.60.0.0, COMPILATION OF MODULE BUZZ
OBJECT MODULE PLACED IN .\Objects\buzz.obj
COMPILER INVOKED BY: C:\Keil\C51\BIN\C51.EXE buzz.c OPTIMIZE(8,SPEED) BROWSE DEBUG OBJECTEXTEND PRINT(.\Listings\buzz.ls
                    -t) OBJECT(.\Objects\buzz.obj)

line level    source

   1          
   2          #include <reg52.h>
   3          
   4          sbit BUZZ = P1^6;  //???????
   5          unsigned char T0RH = 0;  //T0???????
   6          unsigned char T0RL = 0;  //T0???????
   7          
   8          void OpenBuzz(unsigned int frequ);
   9          void StopBuzz();
  10          
  11          void main()
  12          {
  13   1          unsigned int i;
  14   1          
  15   1          TMOD = 0x01;  //??T0?????1,?????
  16   1          EA = 1;       //??????
  17   1          
  18   1          while (1)
  19   1          {
  20   2              OpenBuzz(32000);          //?4KHz????????
  21   2              for (i=0; i<40000; i++);
  22   2              StopBuzz();              //?????
  23   2              for (i=0; i<40000; i++);
  24   2              OpenBuzz(1000);          //?1KHz????????
  25   2              for (i=0; i<40000; i++);
  26   2              StopBuzz();              //?????
  27   2              for (i=0; i<40000; i++);
  28   2          }
  29   1      }
  30          /* ???????,frequ-???? */
  31          void OpenBuzz(unsigned int frequ)
  32          {
  33   1          unsigned int reload;    //???????????
  34   1          
  35   1          reload = 65536 - (11059200/12)/(frequ*2);  //?????????????
  36   1          T0RH = (unsigned char)(reload >> 8);  //16?????????????
  37   1          T0RL = (unsigned char)reload;
  38   1          TH0  = 0xFF;  //???????????,???????????
  39   1          TL0  = 0xFE;
  40   1          ET0  = 1;     //??T0??
  41   1          TR0  = 1;     //??T0
  42   1      }
  43          /* ??????? */
  44          void StopBuzz()
  45          {
  46   1          ET0 = 0;   //??T0??
  47   1          TR0 = 0;   //??T0
  48   1      }
  49          /* T0??????,????????? */
  50          void InterruptTimer0() interrupt 1
  51          {
  52   1          TH0 = T0RH;   //???????
  53   1          TL0 = T0RL;
  54   1          BUZZ = ~BUZZ; //?????????
C51 COMPILER V9.60.0.0   BUZZ                                                              05/18/2022 10:07:52 PAGE 2   

  55   1      }


MODULE INFORMATION:   STATIC OVERLAYABLE
   CODE SIZE        =    189    ----
   CONSTANT SIZE    =   ----    ----
   XDATA SIZE       =   ----    ----
   PDATA SIZE       =   ----    ----
   DATA SIZE        =      2    ----
   IDATA SIZE       =   ----    ----
   BIT SIZE         =   ----    ----
END OF MODULE INFORMATION.


C51 COMPILATION COMPLETE.  0 WARNING(S),  0 ERROR(S)
